2025-07-24T19:14:37 | touched: hardhat.config.js
2026-01-19T06:57:51 | touched: .env.example
2026-01-13T05:59:00 | touched: package.json
2026-01-21T14:12:40 | touched: scripts/deploy.js
2026-01-07T16:13:06 | touched: scripts/deploy.js
2025-10-03T00:04:35 | touched: scripts/cli.js
2026-01-08T09:03:17 | touched: package.json
2026-01-05T11:35:43 | touched: LICENSE
2025-05-17T06:50:54 | touched: scripts/interact.js
2025-08-31T11:49:59 | touched: .env.example
2025-08-17T20:02:58 | touched: contracts/Uniswappool.sol
2025-10-11T19:31:06 | touched: scripts/frontend-integration.js
2025-06-21T04:33:54 | touched: scripts/api-server.js
2025-09-08T05:11:03 | touched: test/Uniswappool.test.js
2025-04-20T11:05:54 | touched: scripts/cli.js
2025-10-24T14:25:05 | touched: README.md
2025-08-18T10:02:40 | touched: hardhat.config.js
2025-10-25T18:54:27 | touched: package.json
2025-01-21T08:36:11 | touched: scripts/deploy.js
2025-05-25T02:52:00 | touched: scripts/deploy.js
2025-06-22T15:17:24 | touched: contracts/Uniswappool.sol
2025-12-22T21:02:04 | touched: test/Uniswappool.test.js
2025-11-04T13:34:57 | touched: scripts/api-server.js
2025-01-21T00:53:05 | touched: scripts/cli.js
2025-11-01T08:34:01 | touched: scripts/cli.js
2025-02-09T10:57:58 | touched: .env.example
2025-06-03T13:55:50 | touched: README.md
2025-10-31T15:16:46 | touched: scripts/deploy.js
2025-02-19T20:07:28 | touched: LICENSE
2025-03-21T07:06:41 | touched: scripts/deploy.js
2025-06-28T09:18:16 | touched: hardhat.config.js
2025-05-27T04:01:04 | touched: contracts/Uniswappool.sol
2025-05-14T12:20:26 | touched: hardhat.config.js
2025-09-12T08:24:21 | touched: README.md
